------------------------------------------------------------------------------------------------------------------------

[2018-11-07 11:53:39 #1 type.registry] 
New type CentreSportif.Participant

[2018-11-07 11:53:39 #2 type] 
Type CentreSportif.Participant is not enhanced.

[2018-11-07 11:53:39 #3 type.registry] 
New type CentreSportif.Equipe

[2018-11-07 11:53:39 #4 type.registry] 
New type CentreSportif.Ligue

[2018-11-07 11:53:39 #5 type.registry] 
New type CentreSportif.Resultat

[2018-11-07 11:56:15 #6 query] 
Error during query execution: select e from Equipe e where e.nomEquipe = :nomEquipe({nomEquipe->equ})

[2018-11-07 11:56:15 #7 *] 
[ObjectDB 2.7.5_05] Unexpected exception (Error 990)
  Generated by Java HotSpot(TM) 64-Bit Server VM 1.8.0_144 (on Windows 10 10.0).
Please report this error on http://www.objectdb.com/database/issue/new
com.objectdb.o.InternalException: com.objectdb.o.UserException: Failed to deserialize (com.objectdb.o.HMP$f; local class incompatible: stream classdesc serialVersionUID = 5233591728161335408, local class serialVersionUID = -8057640767038573453)
com.objectdb.o.UserException: Failed to deserialize (com.objectdb.o.HMP$f; local class incompatible: stream classdesc serialVersionUID = 5233591728161335408, local class serialVersionUID = -8057640767038573453)
	at com.objectdb.o.MSG.a(MSG.java:77)
	at com.objectdb.o.BYR.i(BYR.java:811)
	at com.objectdb.o.BYR.i(BYR.java:750)
	at com.objectdb.o.CLS.u(CLS.java:384)
	at com.objectdb.o.CLS.y(CLS.java:352)
	at com.objectdb.o.CLS.z(CLS.java:283)
	at com.objectdb.o.CST.Zv(CST.java:637)
	at com.objectdb.o.QRR.k(QRR.java:260)
	at com.objectdb.o.QRR.i(QRR.java:155)
	at com.objectdb.jpa.JpaQuery.getResultList(JpaQuery.java:721)
	at CentreSportif.Equipes.existe(Equipes.java:32)
	at CentreSportif.GestionEquipe.ajouterEquipe(GestionEquipe.java:83)
	at CentreSportif.CentreSportif.executerTransaction(CentreSportif.java:113)
	at CentreSportif.CentreSportif.main(CentreSportif.java:63)
Caused by: java.io.InvalidClassException: com.objectdb.o.HMP$f; local class incompatible: stream classdesc serialVersionUID = 5233591728161335408, local class serialVersionUID = -8057640767038573453
	at java.io.ObjectStreamClass.initNonProxy(ObjectStreamClass.java:616)
	at java.io.ObjectInputStream.readNonProxyDesc(ObjectInputStream.java:1843)
	at java.io.ObjectInputStream.readClassDesc(ObjectInputStream.java:1713)
	at java.io.ObjectInputStream.readOrdinaryObject(ObjectInputStream.java:2000)
	at java.io.ObjectInputStream.readObject0(ObjectInputStream.java:1535)
	at java.io.ObjectInputStream.readArray(ObjectInputStream.java:1933)
	at java.io.ObjectInputStream.readObject0(ObjectInputStream.java:1529)
	at java.io.ObjectInputStream.defaultReadFields(ObjectInputStream.java:2245)
	at java.io.ObjectInputStream.readSerialData(ObjectInputStream.java:2169)
	at java.io.ObjectInputStream.readOrdinaryObject(ObjectInputStream.java:2027)
	at java.io.ObjectInputStream.readObject0(ObjectInputStream.java:1535)
	at java.io.ObjectInputStream.defaultReadFields(ObjectInputStream.java:2245)
	at java.io.ObjectInputStream.readSerialData(ObjectInputStream.java:2169)
	at java.io.ObjectInputStream.readOrdinaryObject(ObjectInputStream.java:2027)
	at java.io.ObjectInputStream.readObject0(ObjectInputStream.java:1535)
	at java.io.ObjectInputStream.readObject(ObjectInputStream.java:422)
	at com.objectdb.o.BYR.i(BYR.java:785)
	... 12 more

------------------------------------------------------------------------------------------------------------------------

[2018-11-07 12:24:34 #1 type] 
Type CentreSportif.Participant is not enhanced.

[2018-11-07 12:25:46 #2 query] 
Error during query execution: select e from Equipe e where e.nomEquipe = :nomEquipe({nomEquipe->equip})

[2018-11-07 12:25:46 #3 *] 
[ObjectDB 2.7.5_05] Unexpected exception (Error 990)
  Generated by Java HotSpot(TM) 64-Bit Server VM 1.8.0_144 (on Windows 10 10.0).
Please report this error on http://www.objectdb.com/database/issue/new
com.objectdb.o.InternalException: com.objectdb.o.UserException: Failed to deserialize (com.objectdb.o.HMP$f; local class incompatible: stream classdesc serialVersionUID = 5233591728161335408, local class serialVersionUID = -8057640767038573453)
com.objectdb.o.UserException: Failed to deserialize (com.objectdb.o.HMP$f; local class incompatible: stream classdesc serialVersionUID = 5233591728161335408, local class serialVersionUID = -8057640767038573453)
	at com.objectdb.o.MSG.a(MSG.java:77)
	at com.objectdb.o.BYR.i(BYR.java:811)
	at com.objectdb.o.BYR.i(BYR.java:750)
	at com.objectdb.o.CLS.u(CLS.java:384)
	at com.objectdb.o.CLS.y(CLS.java:352)
	at com.objectdb.o.CLS.z(CLS.java:283)
	at com.objectdb.o.CST.Zv(CST.java:637)
	at com.objectdb.o.QRR.k(QRR.java:260)
	at com.objectdb.o.QRR.i(QRR.java:155)
	at com.objectdb.jpa.JpaQuery.getResultList(JpaQuery.java:721)
	at CentreSportif.Equipes.getEquipe(Equipes.java:44)
	at CentreSportif.GestionParticipant.ajouterJoueur(GestionParticipant.java:79)
	at CentreSportif.CentreSportif.executerTransaction(CentreSportif.java:136)
	at CentreSportif.CentreSportif.main(CentreSportif.java:63)
Caused by: java.io.InvalidClassException: com.objectdb.o.HMP$f; local class incompatible: stream classdesc serialVersionUID = 5233591728161335408, local class serialVersionUID = -8057640767038573453
	at java.io.ObjectStreamClass.initNonProxy(ObjectStreamClass.java:616)
	at java.io.ObjectInputStream.readNonProxyDesc(ObjectInputStream.java:1843)
	at java.io.ObjectInputStream.readClassDesc(ObjectInputStream.java:1713)
	at java.io.ObjectInputStream.readOrdinaryObject(ObjectInputStream.java:2000)
	at java.io.ObjectInputStream.readObject0(ObjectInputStream.java:1535)
	at java.io.ObjectInputStream.readArray(ObjectInputStream.java:1933)
	at java.io.ObjectInputStream.readObject0(ObjectInputStream.java:1529)
	at java.io.ObjectInputStream.defaultReadFields(ObjectInputStream.java:2245)
	at java.io.ObjectInputStream.readSerialData(ObjectInputStream.java:2169)
	at java.io.ObjectInputStream.readOrdinaryObject(ObjectInputStream.java:2027)
	at java.io.ObjectInputStream.readObject0(ObjectInputStream.java:1535)
	at java.io.ObjectInputStream.defaultReadFields(ObjectInputStream.java:2245)
	at java.io.ObjectInputStream.readSerialData(ObjectInputStream.java:2169)
	at java.io.ObjectInputStream.readOrdinaryObject(ObjectInputStream.java:2027)
	at java.io.ObjectInputStream.readObject0(ObjectInputStream.java:1535)
	at java.io.ObjectInputStream.readObject(ObjectInputStream.java:422)
	at com.objectdb.o.BYR.i(BYR.java:785)
	... 12 more

------------------------------------------------------------------------------------------------------------------------

[2018-11-07 13:01:15 #1 type] 
Type CentreSportif.Participant is not enhanced.

[2018-11-07 13:01:49 #2 query] 
Error during query execution: select e from Equipe e where e.nomEquipe = :nomEquipe({nomEquipe->equip})

[2018-11-07 13:01:49 #3 *] 
[ObjectDB 2.7.5_05] Unexpected exception (Error 990)
  Generated by Java HotSpot(TM) 64-Bit Server VM 1.8.0_144 (on Windows 10 10.0).
Please report this error on http://www.objectdb.com/database/issue/new
com.objectdb.o.InternalException: com.objectdb.o.UserException: Failed to deserialize (com.objectdb.o.HMP$f; local class incompatible: stream classdesc serialVersionUID = 5233591728161335408, local class serialVersionUID = -8057640767038573453)
com.objectdb.o.UserException: Failed to deserialize (com.objectdb.o.HMP$f; local class incompatible: stream classdesc serialVersionUID = 5233591728161335408, local class serialVersionUID = -8057640767038573453)
	at com.objectdb.o.MSG.a(MSG.java:77)
	at com.objectdb.o.BYR.i(BYR.java:811)
	at com.objectdb.o.BYR.i(BYR.java:750)
	at com.objectdb.o.CLS.u(CLS.java:384)
	at com.objectdb.o.CLS.y(CLS.java:352)
	at com.objectdb.o.CLS.z(CLS.java:283)
	at com.objectdb.o.CST.Zv(CST.java:637)
	at com.objectdb.o.QRR.k(QRR.java:260)
	at com.objectdb.o.QRR.i(QRR.java:155)
	at com.objectdb.jpa.JpaQuery.getResultList(JpaQuery.java:721)
	at CentreSportif.Equipes.getEquipe(Equipes.java:44)
	at CentreSportif.GestionParticipant.ajouterJoueur(GestionParticipant.java:79)
	at CentreSportif.CentreSportif.executerTransaction(CentreSportif.java:136)
	at CentreSportif.CentreSportif.main(CentreSportif.java:63)
Caused by: java.io.InvalidClassException: com.objectdb.o.HMP$f; local class incompatible: stream classdesc serialVersionUID = 5233591728161335408, local class serialVersionUID = -8057640767038573453
	at java.io.ObjectStreamClass.initNonProxy(ObjectStreamClass.java:616)
	at java.io.ObjectInputStream.readNonProxyDesc(ObjectInputStream.java:1843)
	at java.io.ObjectInputStream.readClassDesc(ObjectInputStream.java:1713)
	at java.io.ObjectInputStream.readOrdinaryObject(ObjectInputStream.java:2000)
	at java.io.ObjectInputStream.readObject0(ObjectInputStream.java:1535)
	at java.io.ObjectInputStream.readArray(ObjectInputStream.java:1933)
	at java.io.ObjectInputStream.readObject0(ObjectInputStream.java:1529)
	at java.io.ObjectInputStream.defaultReadFields(ObjectInputStream.java:2245)
	at java.io.ObjectInputStream.readSerialData(ObjectInputStream.java:2169)
	at java.io.ObjectInputStream.readOrdinaryObject(ObjectInputStream.java:2027)
	at java.io.ObjectInputStream.readObject0(ObjectInputStream.java:1535)
	at java.io.ObjectInputStream.defaultReadFields(ObjectInputStream.java:2245)
	at java.io.ObjectInputStream.readSerialData(ObjectInputStream.java:2169)
	at java.io.ObjectInputStream.readOrdinaryObject(ObjectInputStream.java:2027)
	at java.io.ObjectInputStream.readObject0(ObjectInputStream.java:1535)
	at java.io.ObjectInputStream.readObject(ObjectInputStream.java:422)
	at com.objectdb.o.BYR.i(BYR.java:785)
	... 12 more

------------------------------------------------------------------------------------------------------------------------

[2018-11-07 13:30:47 #1 type] 
Type CentreSportif.Participant is not enhanced.

