------------------------------------------------------------------------------------------------------------------------

[2018-11-09 14:17:09 #1 server] 
Server on port 6136 has started by 14072@hp

------------------------------------------------------------------------------------------------------------------------

[2018-11-09 14:20:46 #1 type] 
Type CentreSportif.Participant is not enhanced.

[2018-11-09 14:21:28 #2 query] 
Error during query execution: select e from Equipe e where e.nomEquipe = :nomEquipe({nomEquipe->equipe})

[2018-11-09 14:21:28 #3 *] 
[ObjectDB 2.7.5_05] Unexpected exception (Error 990)
  Generated by Java HotSpot(TM) 64-Bit Server VM 1.8.0_144 (on Windows 10 10.0).
Please report this error on http://www.objectdb.com/database/issue/new
com.objectdb.o.InternalException: com.objectdb.o.UserException: Failed to deserialize (com.objectdb.o.HMP$f; local class incompatible: stream classdesc serialVersionUID = 5233591728161335408, local class serialVersionUID = -8057640767038573453)
com.objectdb.o.UserException: Failed to deserialize (com.objectdb.o.HMP$f; local class incompatible: stream classdesc serialVersionUID = 5233591728161335408, local class serialVersionUID = -8057640767038573453)
	at com.objectdb.o.MSG.a(MSG.java:77)
	at com.objectdb.o.BYR.i(BYR.java:811)
	at com.objectdb.o.BYR.i(BYR.java:750)
	at com.objectdb.o.CLS.u(CLS.java:384)
	at com.objectdb.o.CLS.y(CLS.java:352)
	at com.objectdb.o.CLS.z(CLS.java:283)
	at com.objectdb.o.CST.Zv(CST.java:637)
	at com.objectdb.o.QRR.k(QRR.java:260)
	at com.objectdb.o.QRR.i(QRR.java:155)
	at com.objectdb.jpa.JpaQuery.getResultList(JpaQuery.java:721)
	at CentreSportif.Equipes.getEquipe(Equipes.java:44)
	at CentreSportif.GestionParticipant.ajouterJoueur(GestionParticipant.java:79)
	at CentreSportif.CentreSportif.executerTransaction(CentreSportif.java:136)
	at CentreSportif.CentreSportif.main(CentreSportif.java:63)
Caused by: java.io.InvalidClassException: com.objectdb.o.HMP$f; local class incompatible: stream classdesc serialVersionUID = 5233591728161335408, local class serialVersionUID = -8057640767038573453
	at java.io.ObjectStreamClass.initNonProxy(ObjectStreamClass.java:616)
	at java.io.ObjectInputStream.readNonProxyDesc(ObjectInputStream.java:1843)
	at java.io.ObjectInputStream.readClassDesc(ObjectInputStream.java:1713)
	at java.io.ObjectInputStream.readOrdinaryObject(ObjectInputStream.java:2000)
	at java.io.ObjectInputStream.readObject0(ObjectInputStream.java:1535)
	at java.io.ObjectInputStream.readArray(ObjectInputStream.java:1933)
	at java.io.ObjectInputStream.readObject0(ObjectInputStream.java:1529)
	at java.io.ObjectInputStream.defaultReadFields(ObjectInputStream.java:2245)
	at java.io.ObjectInputStream.readSerialData(ObjectInputStream.java:2169)
	at java.io.ObjectInputStream.readOrdinaryObject(ObjectInputStream.java:2027)
	at java.io.ObjectInputStream.readObject0(ObjectInputStream.java:1535)
	at java.io.ObjectInputStream.defaultReadFields(ObjectInputStream.java:2245)
	at java.io.ObjectInputStream.readSerialData(ObjectInputStream.java:2169)
	at java.io.ObjectInputStream.readOrdinaryObject(ObjectInputStream.java:2027)
	at java.io.ObjectInputStream.readObject0(ObjectInputStream.java:1535)
	at java.io.ObjectInputStream.readObject(ObjectInputStream.java:422)
	at com.objectdb.o.BYR.i(BYR.java:785)
	... 12 more

------------------------------------------------------------------------------------------------------------------------

[2018-11-09 14:28:41 #1 type] 
Type CentreSportif.Participant is not enhanced.

[2018-11-09 14:29:03 #2 query] 
Error during query execution: select e from Equipe e where e.nomEquipe = :nomEquipe({nomEquipe->equip})

[2018-11-09 14:29:03 #3 *] 
[ObjectDB 2.7.5_05] Unexpected exception (Error 990)
  Generated by Java HotSpot(TM) 64-Bit Server VM 1.8.0_144 (on Windows 10 10.0).
Please report this error on http://www.objectdb.com/database/issue/new
com.objectdb.o.InternalException: com.objectdb.o.UserException: Failed to deserialize (com.objectdb.o.HMP$f; local class incompatible: stream classdesc serialVersionUID = 5233591728161335408, local class serialVersionUID = -8057640767038573453)
com.objectdb.o.UserException: Failed to deserialize (com.objectdb.o.HMP$f; local class incompatible: stream classdesc serialVersionUID = 5233591728161335408, local class serialVersionUID = -8057640767038573453)
	at com.objectdb.o.MSG.a(MSG.java:77)
	at com.objectdb.o.BYR.i(BYR.java:811)
	at com.objectdb.o.BYR.i(BYR.java:750)
	at com.objectdb.o.CLS.u(CLS.java:384)
	at com.objectdb.o.CLS.y(CLS.java:352)
	at com.objectdb.o.CLS.z(CLS.java:283)
	at com.objectdb.o.CST.Zv(CST.java:637)
	at com.objectdb.o.QRR.k(QRR.java:260)
	at com.objectdb.o.QRR.i(QRR.java:155)
	at com.objectdb.jpa.JpaQuery.getResultList(JpaQuery.java:721)
	at CentreSportif.Equipes.getEquipe(Equipes.java:44)
	at CentreSportif.GestionParticipant.ajouterJoueur(GestionParticipant.java:79)
	at CentreSportif.CentreSportif.executerTransaction(CentreSportif.java:136)
	at CentreSportif.CentreSportif.main(CentreSportif.java:63)
Caused by: java.io.InvalidClassException: com.objectdb.o.HMP$f; local class incompatible: stream classdesc serialVersionUID = 5233591728161335408, local class serialVersionUID = -8057640767038573453
	at java.io.ObjectStreamClass.initNonProxy(ObjectStreamClass.java:616)
	at java.io.ObjectInputStream.readNonProxyDesc(ObjectInputStream.java:1843)
	at java.io.ObjectInputStream.readClassDesc(ObjectInputStream.java:1713)
	at java.io.ObjectInputStream.readOrdinaryObject(ObjectInputStream.java:2000)
	at java.io.ObjectInputStream.readObject0(ObjectInputStream.java:1535)
	at java.io.ObjectInputStream.readArray(ObjectInputStream.java:1933)
	at java.io.ObjectInputStream.readObject0(ObjectInputStream.java:1529)
	at java.io.ObjectInputStream.defaultReadFields(ObjectInputStream.java:2245)
	at java.io.ObjectInputStream.readSerialData(ObjectInputStream.java:2169)
	at java.io.ObjectInputStream.readOrdinaryObject(ObjectInputStream.java:2027)
	at java.io.ObjectInputStream.readObject0(ObjectInputStream.java:1535)
	at java.io.ObjectInputStream.defaultReadFields(ObjectInputStream.java:2245)
	at java.io.ObjectInputStream.readSerialData(ObjectInputStream.java:2169)
	at java.io.ObjectInputStream.readOrdinaryObject(ObjectInputStream.java:2027)
	at java.io.ObjectInputStream.readObject0(ObjectInputStream.java:1535)
	at java.io.ObjectInputStream.readObject(ObjectInputStream.java:422)
	at com.objectdb.o.BYR.i(BYR.java:785)
	... 12 more

------------------------------------------------------------------------------------------------------------------------

[2018-11-09 14:31:40 #1 type] 
Type CentreSportif.Participant is not enhanced.

[2018-11-09 14:31:51 #2 query] 
Error during query execution: select e from Equipe e where e.nomEquipe = :nomEquipe({nomEquipe->match})

[2018-11-09 14:31:51 #3 *] 
[ObjectDB 2.7.5_05] Unexpected exception (Error 990)
  Generated by Java HotSpot(TM) 64-Bit Server VM 1.8.0_144 (on Windows 10 10.0).
Please report this error on http://www.objectdb.com/database/issue/new
com.objectdb.o.InternalException: com.objectdb.o.UserException: Failed to deserialize (com.objectdb.o.HMP$f; local class incompatible: stream classdesc serialVersionUID = 5233591728161335408, local class serialVersionUID = -8057640767038573453)
com.objectdb.o.UserException: Failed to deserialize (com.objectdb.o.HMP$f; local class incompatible: stream classdesc serialVersionUID = 5233591728161335408, local class serialVersionUID = -8057640767038573453)
	at com.objectdb.o.MSG.a(MSG.java:77)
	at com.objectdb.o.BYR.i(BYR.java:811)
	at com.objectdb.o.BYR.i(BYR.java:750)
	at com.objectdb.o.CLS.u(CLS.java:384)
	at com.objectdb.o.CLS.y(CLS.java:352)
	at com.objectdb.o.CLS.z(CLS.java:283)
	at com.objectdb.o.CST.Zv(CST.java:637)
	at com.objectdb.o.QRR.k(QRR.java:260)
	at com.objectdb.o.QRR.i(QRR.java:155)
	at com.objectdb.jpa.JpaQuery.getResultList(JpaQuery.java:721)
	at CentreSportif.Equipes.getEquipe(Equipes.java:44)
	at CentreSportif.GestionParticipant.ajouterJoueur(GestionParticipant.java:79)
	at CentreSportif.CentreSportif.executerTransaction(CentreSportif.java:136)
	at CentreSportif.CentreSportif.main(CentreSportif.java:63)
Caused by: java.io.InvalidClassException: com.objectdb.o.HMP$f; local class incompatible: stream classdesc serialVersionUID = 5233591728161335408, local class serialVersionUID = -8057640767038573453
	at java.io.ObjectStreamClass.initNonProxy(ObjectStreamClass.java:616)
	at java.io.ObjectInputStream.readNonProxyDesc(ObjectInputStream.java:1843)
	at java.io.ObjectInputStream.readClassDesc(ObjectInputStream.java:1713)
	at java.io.ObjectInputStream.readOrdinaryObject(ObjectInputStream.java:2000)
	at java.io.ObjectInputStream.readObject0(ObjectInputStream.java:1535)
	at java.io.ObjectInputStream.readArray(ObjectInputStream.java:1933)
	at java.io.ObjectInputStream.readObject0(ObjectInputStream.java:1529)
	at java.io.ObjectInputStream.defaultReadFields(ObjectInputStream.java:2245)
	at java.io.ObjectInputStream.readSerialData(ObjectInputStream.java:2169)
	at java.io.ObjectInputStream.readOrdinaryObject(ObjectInputStream.java:2027)
	at java.io.ObjectInputStream.readObject0(ObjectInputStream.java:1535)
	at java.io.ObjectInputStream.defaultReadFields(ObjectInputStream.java:2245)
	at java.io.ObjectInputStream.readSerialData(ObjectInputStream.java:2169)
	at java.io.ObjectInputStream.readOrdinaryObject(ObjectInputStream.java:2027)
	at java.io.ObjectInputStream.readObject0(ObjectInputStream.java:1535)
	at java.io.ObjectInputStream.readObject(ObjectInputStream.java:422)
	at com.objectdb.o.BYR.i(BYR.java:785)
	... 12 more

------------------------------------------------------------------------------------------------------------------------

[2018-11-09 14:32:50 #1 type] 
Type CentreSportif.Participant is not enhanced.

------------------------------------------------------------------------------------------------------------------------

[2018-11-09 14:34:58 #1 type] 
Type CentreSportif.Participant is not enhanced.

[2018-11-09 14:35:17 #2 query] 
Error during query execution: select e from Equipe e where e.nomEquipe = :nomEquipe({nomEquipe->alex})

[2018-11-09 14:35:17 #3 *] 
[ObjectDB 2.7.5_05] Unexpected exception (Error 990)
  Generated by Java HotSpot(TM) 64-Bit Server VM 1.8.0_144 (on Windows 10 10.0).
Please report this error on http://www.objectdb.com/database/issue/new
com.objectdb.o.InternalException: com.objectdb.o.UserException: Failed to deserialize (com.objectdb.o.HMP$f; local class incompatible: stream classdesc serialVersionUID = 5233591728161335408, local class serialVersionUID = -8057640767038573453)
com.objectdb.o.UserException: Failed to deserialize (com.objectdb.o.HMP$f; local class incompatible: stream classdesc serialVersionUID = 5233591728161335408, local class serialVersionUID = -8057640767038573453)
	at com.objectdb.o.MSG.a(MSG.java:77)
	at com.objectdb.o.BYR.i(BYR.java:811)
	at com.objectdb.o.BYR.i(BYR.java:750)
	at com.objectdb.o.CLS.u(CLS.java:384)
	at com.objectdb.o.CLS.y(CLS.java:352)
	at com.objectdb.o.CLS.z(CLS.java:283)
	at com.objectdb.o.CST.Zv(CST.java:637)
	at com.objectdb.o.QRR.k(QRR.java:260)
	at com.objectdb.o.QRR.i(QRR.java:155)
	at com.objectdb.jpa.JpaQuery.getResultList(JpaQuery.java:721)
	at CentreSportif.Equipes.getEquipe(Equipes.java:44)
	at CentreSportif.GestionParticipant.ajouterJoueur(GestionParticipant.java:79)
	at CentreSportif.CentreSportif.executerTransaction(CentreSportif.java:136)
	at CentreSportif.CentreSportif.main(CentreSportif.java:63)
Caused by: java.io.InvalidClassException: com.objectdb.o.HMP$f; local class incompatible: stream classdesc serialVersionUID = 5233591728161335408, local class serialVersionUID = -8057640767038573453
	at java.io.ObjectStreamClass.initNonProxy(ObjectStreamClass.java:616)
	at java.io.ObjectInputStream.readNonProxyDesc(ObjectInputStream.java:1843)
	at java.io.ObjectInputStream.readClassDesc(ObjectInputStream.java:1713)
	at java.io.ObjectInputStream.readOrdinaryObject(ObjectInputStream.java:2000)
	at java.io.ObjectInputStream.readObject0(ObjectInputStream.java:1535)
	at java.io.ObjectInputStream.readArray(ObjectInputStream.java:1933)
	at java.io.ObjectInputStream.readObject0(ObjectInputStream.java:1529)
	at java.io.ObjectInputStream.defaultReadFields(ObjectInputStream.java:2245)
	at java.io.ObjectInputStream.readSerialData(ObjectInputStream.java:2169)
	at java.io.ObjectInputStream.readOrdinaryObject(ObjectInputStream.java:2027)
	at java.io.ObjectInputStream.readObject0(ObjectInputStream.java:1535)
	at java.io.ObjectInputStream.defaultReadFields(ObjectInputStream.java:2245)
	at java.io.ObjectInputStream.readSerialData(ObjectInputStream.java:2169)
	at java.io.ObjectInputStream.readOrdinaryObject(ObjectInputStream.java:2027)
	at java.io.ObjectInputStream.readObject0(ObjectInputStream.java:1535)
	at java.io.ObjectInputStream.readObject(ObjectInputStream.java:422)
	at com.objectdb.o.BYR.i(BYR.java:785)
	... 12 more

------------------------------------------------------------------------------------------------------------------------

[2018-11-09 20:48:39 #1 type.registry] 
New type CentreSportif.Participant

[2018-11-09 20:48:39 #2 type] 
Type CentreSportif.Participant is not enhanced.

[2018-11-09 20:48:39 #3 type.registry] 
New type CentreSportif.Equipe

[2018-11-09 20:48:39 #4 type] 
Type CentreSportif.Equipe is not enhanced.

[2018-11-09 20:48:39 #5 type.registry] 
New type CentreSportif.Ligue

[2018-11-09 20:48:39 #6 type] 
Type CentreSportif.Ligue is not enhanced.

[2018-11-09 20:48:40 #7 type.registry] 
New type CentreSportif.Resultat

[2018-11-09 20:48:40 #8 type] 
Type CentreSportif.Resultat is not enhanced.

[2018-11-09 20:50:33 #9 type.registry] 
New type java.util.LinkedList<java.lang.Object>

[2018-11-09 20:50:33 #10 type.registry] 
New type java.util.LinkedList<CentreSportif.Equipe>

[2018-11-09 20:51:19 #11 type.registry] 
New type java.util.LinkedList<CentreSportif.Participant>

[2018-11-09 20:52:23 #12 query] 
Error during query execution: select e from Equipe e order by e.nomLigue(null)

[2018-11-09 20:52:23 #13 *] 
[ObjectDB 2.7.5_05] Unexpected exception (Error 990)
  Generated by Java HotSpot(TM) 64-Bit Server VM 1.8.0_144 (on Windows 10 10.0).
Please report this error on http://www.objectdb.com/database/issue/new
com.objectdb.o.InternalException: com.objectdb.o.UserException: Failed to deserialize (com.objectdb.o.HMP$f; local class incompatible: stream classdesc serialVersionUID = 5233591728161335408, local class serialVersionUID = -8057640767038573453)
com.objectdb.o.UserException: Failed to deserialize (com.objectdb.o.HMP$f; local class incompatible: stream classdesc serialVersionUID = 5233591728161335408, local class serialVersionUID = -8057640767038573453)
	at com.objectdb.o.MSG.a(MSG.java:77)
	at com.objectdb.o.BYR.i(BYR.java:811)
	at com.objectdb.o.BYR.i(BYR.java:750)
	at com.objectdb.o.CLS.u(CLS.java:384)
	at com.objectdb.o.CLS.y(CLS.java:352)
	at com.objectdb.o.CLS.z(CLS.java:283)
	at com.objectdb.o.CST.Zv(CST.java:637)
	at com.objectdb.o.QRR.k(QRR.java:260)
	at com.objectdb.o.QRR.i(QRR.java:155)
	at com.objectdb.jpa.JpaQuery.getResultList(JpaQuery.java:721)
	at CentreSportif.Equipes.getEquipes(Equipes.java:56)
	at CentreSportif.GestionEquipe.afficherEquipes(GestionEquipe.java:69)
	at CentreSportif.CentreSportif.executerTransaction(CentreSportif.java:116)
	at CentreSportif.CentreSportif.main(CentreSportif.java:63)
Caused by: java.io.InvalidClassException: com.objectdb.o.HMP$f; local class incompatible: stream classdesc serialVersionUID = 5233591728161335408, local class serialVersionUID = -8057640767038573453
	at java.io.ObjectStreamClass.initNonProxy(ObjectStreamClass.java:616)
	at java.io.ObjectInputStream.readNonProxyDesc(ObjectInputStream.java:1843)
	at java.io.ObjectInputStream.readClassDesc(ObjectInputStream.java:1713)
	at java.io.ObjectInputStream.readOrdinaryObject(ObjectInputStream.java:2000)
	at java.io.ObjectInputStream.readObject0(ObjectInputStream.java:1535)
	at java.io.ObjectInputStream.readArray(ObjectInputStream.java:1933)
	at java.io.ObjectInputStream.readObject0(ObjectInputStream.java:1529)
	at java.io.ObjectInputStream.defaultReadFields(ObjectInputStream.java:2245)
	at java.io.ObjectInputStream.readSerialData(ObjectInputStream.java:2169)
	at java.io.ObjectInputStream.readOrdinaryObject(ObjectInputStream.java:2027)
	at java.io.ObjectInputStream.readObject0(ObjectInputStream.java:1535)
	at java.io.ObjectInputStream.defaultReadFields(ObjectInputStream.java:2245)
	at java.io.ObjectInputStream.readSerialData(ObjectInputStream.java:2169)
	at java.io.ObjectInputStream.readOrdinaryObject(ObjectInputStream.java:2027)
	at java.io.ObjectInputStream.readObject0(ObjectInputStream.java:1535)
	at java.io.ObjectInputStream.readObject(ObjectInputStream.java:422)
	at com.objectdb.o.BYR.i(BYR.java:785)
	... 12 more

------------------------------------------------------------------------------------------------------------------------

[2018-11-09 21:45:03 #1 type] 
Type CentreSportif.Participant is not enhanced.

[2018-11-09 21:45:03 #2 type] 
Type CentreSportif.Equipe is not enhanced.

[2018-11-09 21:45:03 #3 type] 
Type CentreSportif.Ligue is not enhanced.

[2018-11-09 21:45:03 #4 type] 
Type CentreSportif.Resultat is not enhanced.

[2018-11-09 21:45:30 #5 type.registry] 
New type java.util.ArrayList<java.lang.Object>

[2018-11-09 21:45:30 #6 type.registry] 
New type java.util.ArrayList<CentreSportif.Equipe>

[2018-11-09 21:45:30 #7 type.registry] 
New type com.objectdb.o.LMT

[2018-11-09 21:45:30 #8 type.registry] 
New type com.objectdb.o.VAL

[2018-11-09 21:45:30 #9 type.registry] 
New type com.objectdb.o.RFV

[2018-11-09 21:45:31 #10 type.registry] 
New type java.util.ArrayList<CentreSportif.Participant>

[2018-11-09 21:45:56 #11 query] 
Error during query execution: select e from Equipe e order by e.nomLigue(null)

[2018-11-09 21:45:56 #12 *] 
[ObjectDB 2.7.5_05] Unexpected exception (Error 990)
  Generated by Java HotSpot(TM) 64-Bit Server VM 1.8.0_144 (on Windows 10 10.0).
Please report this error on http://www.objectdb.com/database/issue/new
com.objectdb.o.InternalException: com.objectdb.o.UserException: Failed to deserialize (com.objectdb.o.HMP$f; local class incompatible: stream classdesc serialVersionUID = 5233591728161335408, local class serialVersionUID = -8057640767038573453)
com.objectdb.o.UserException: Failed to deserialize (com.objectdb.o.HMP$f; local class incompatible: stream classdesc serialVersionUID = 5233591728161335408, local class serialVersionUID = -8057640767038573453)
	at com.objectdb.o.MSG.a(MSG.java:77)
	at com.objectdb.o.BYR.i(BYR.java:811)
	at com.objectdb.o.BYR.i(BYR.java:750)
	at com.objectdb.o.CLS.u(CLS.java:384)
	at com.objectdb.o.CLS.y(CLS.java:352)
	at com.objectdb.o.CLS.z(CLS.java:283)
	at com.objectdb.o.CST.Zv(CST.java:637)
	at com.objectdb.o.QRR.k(QRR.java:260)
	at com.objectdb.o.QRR.i(QRR.java:155)
	at com.objectdb.jpa.JpaQuery.getResultList(JpaQuery.java:721)
	at CentreSportif.Equipes.getEquipes(Equipes.java:56)
	at CentreSportif.GestionEquipe.afficherEquipes(GestionEquipe.java:69)
	at CentreSportif.CentreSportif.executerTransaction(CentreSportif.java:116)
	at CentreSportif.CentreSportif.main(CentreSportif.java:63)
Caused by: java.io.InvalidClassException: com.objectdb.o.HMP$f; local class incompatible: stream classdesc serialVersionUID = 5233591728161335408, local class serialVersionUID = -8057640767038573453
	at java.io.ObjectStreamClass.initNonProxy(ObjectStreamClass.java:616)
	at java.io.ObjectInputStream.readNonProxyDesc(ObjectInputStream.java:1843)
	at java.io.ObjectInputStream.readClassDesc(ObjectInputStream.java:1713)
	at java.io.ObjectInputStream.readOrdinaryObject(ObjectInputStream.java:2000)
	at java.io.ObjectInputStream.readObject0(ObjectInputStream.java:1535)
	at java.io.ObjectInputStream.readArray(ObjectInputStream.java:1933)
	at java.io.ObjectInputStream.readObject0(ObjectInputStream.java:1529)
	at java.io.ObjectInputStream.defaultReadFields(ObjectInputStream.java:2245)
	at java.io.ObjectInputStream.readSerialData(ObjectInputStream.java:2169)
	at java.io.ObjectInputStream.readOrdinaryObject(ObjectInputStream.java:2027)
	at java.io.ObjectInputStream.readObject0(ObjectInputStream.java:1535)
	at java.io.ObjectInputStream.defaultReadFields(ObjectInputStream.java:2245)
	at java.io.ObjectInputStream.readSerialData(ObjectInputStream.java:2169)
	at java.io.ObjectInputStream.readOrdinaryObject(ObjectInputStream.java:2027)
	at java.io.ObjectInputStream.readObject0(ObjectInputStream.java:1535)
	at java.io.ObjectInputStream.readObject(ObjectInputStream.java:422)
	at com.objectdb.o.BYR.i(BYR.java:785)
	... 12 more

